<?xml version="1.0" encoding="UTF-8"?>
<!-- Generated by org.testng.reporters.JUnitReportReporter -->
<testsuite hostname="DESKTOP-JG4EATP" failures="0" tests="1" name="carReg.Test.regTest" time="3.586" errors="0" timestamp="2025-03-09T15:19:25 GMT" skipped="0">
  <testcase classname="carReg.Test.regTest" name="TestCarreg" time="3.586"/>
</testsuite> <!-- carReg.Test.regTest -->
