<?xml version="1.0" encoding="UTF-8"?>
<!-- Generated by org.testng.reporters.JUnitReportReporter -->
<testsuite hostname="DESKTOP-JG4EATP" failures="0" tests="1" name="carReg.Test.carValuationTest" time="14.483" errors="0" timestamp="2025-03-09T23:24:17 GMT" skipped="0">
  <testcase classname="carReg.Test.carValuationTest" name="testCarValuation" time="14.483"/>
</testsuite> <!-- carReg.Test.carValuationTest -->
